1712354127.323206 client started (32353): version 3.3a, socket /tmp/tmux-1000/default, protocol 8
1712354127.323293 on Linux 5.15.0-101-generic #111-Ubuntu SMP Tue Mar 5 20:16:58 UTC 2024
1712354127.323329 using libevent 2.1.12-stable (poll); ncurses 6.3
1712354127.323571 flags are 0x18010000
1712354127.323606 socket is /tmp/tmux-1000/default
1712354127.323663 trying connect
1712354127.323722 connect failed: Connection refused
1712354127.323777 lock file is /tmp/tmux-1000/default.lock
1712354127.323863 flock succeeded
1712354127.323897 got lock (6)
1712354127.323948 trying connect
1712354127.324002 connect failed: Connection refused
1712354127.324915 add peer 0x55e53b703740: 7 ((nil))
1712354127.327164 sending message 100 to peer 0x55e53b703740 (4 bytes)
1712354127.327205 sending message 111 to peer 0x55e53b703740 (8 bytes)
1712354127.327241 sending message 101 to peer 0x55e53b703740 (15 bytes)
1712354127.327276 sending message 109 to peer 0x55e53b703740 (4 bytes)
1712354127.327312 sending message 102 to peer 0x55e53b703740 (11 bytes)
1712354127.327347 sending message 108 to peer 0x55e53b703740 (44 bytes)
1712354127.327383 sending message 112 to peer 0x55e53b703740 (58 bytes)
1712354127.327418 sending message 112 to peer 0x55e53b703740 (5 bytes)
1712354127.327454 sending message 112 to peer 0x55e53b703740 (5 bytes)
1712354127.327489 sending message 112 to peer 0x55e53b703740 (6 bytes)
1712354127.327525 sending message 112 to peer 0x55e53b703740 (6 bytes)
1712354127.327560 sending message 112 to peer 0x55e53b703740 (11 bytes)
1712354127.327596 sending message 112 to peer 0x55e53b703740 (10 bytes)
1712354127.327631 sending message 112 to peer 0x55e53b703740 (13 bytes)
1712354127.327667 sending message 112 to peer 0x55e53b703740 (14 bytes)
1712354127.327702 sending message 112 to peer 0x55e53b703740 (19 bytes)
1712354127.327738 sending message 112 to peer 0x55e53b703740 (11 bytes)
1712354127.327773 sending message 112 to peer 0x55e53b703740 (10 bytes)
1712354127.327808 sending message 112 to peer 0x55e53b703740 (15 bytes)
1712354127.327844 sending message 112 to peer 0x55e53b703740 (21 bytes)
1712354127.327879 sending message 112 to peer 0x55e53b703740 (13 bytes)
1712354127.327915 sending message 112 to peer 0x55e53b703740 (7 bytes)
1712354127.327950 sending message 112 to peer 0x55e53b703740 (13 bytes)
1712354127.327986 sending message 112 to peer 0x55e53b703740 (7 bytes)
1712354127.328021 sending message 112 to peer 0x55e53b703740 (13 bytes)
1712354127.328056 sending message 112 to peer 0x55e53b703740 (9 bytes)
1712354127.328092 sending message 112 to peer 0x55e53b703740 (21 bytes)
1712354127.328127 sending message 112 to peer 0x55e53b703740 (13 bytes)
1712354127.328163 sending message 112 to peer 0x55e53b703740 (9 bytes)
1712354127.328198 sending message 112 to peer 0x55e53b703740 (16 bytes)
1712354127.328233 sending message 112 to peer 0x55e53b703740 (13 bytes)
1712354127.328269 sending message 112 to peer 0x55e53b703740 (9 bytes)
1712354127.328304 sending message 112 to peer 0x55e53b703740 (9 bytes)
1712354127.328340 sending message 112 to peer 0x55e53b703740 (12 bytes)
1712354127.328375 sending message 112 to peer 0x55e53b703740 (8 bytes)
1712354127.328410 sending message 112 to peer 0x55e53b703740 (8 bytes)
1712354127.328446 sending message 112 to peer 0x55e53b703740 (13 bytes)
1712354127.328481 sending message 112 to peer 0x55e53b703740 (7 bytes)
1712354127.328516 sending message 112 to peer 0x55e53b703740 (7 bytes)
1712354127.328552 sending message 112 to peer 0x55e53b703740 (9 bytes)
1712354127.328587 sending message 112 to peer 0x55e53b703740 (9 bytes)
1712354127.328622 sending message 112 to peer 0x55e53b703740 (15 bytes)
1712354127.328657 sending message 112 to peer 0x55e53b703740 (13 bytes)
1712354127.328692 sending message 112 to peer 0x55e53b703740 (12 bytes)
1712354127.328728 sending message 112 to peer 0x55e53b703740 (8 bytes)
1712354127.328763 sending message 112 to peer 0x55e53b703740 (14 bytes)
1712354127.328798 sending message 112 to peer 0x55e53b703740 (11 bytes)
1712354127.328834 sending message 112 to peer 0x55e53b703740 (9 bytes)
1712354127.328877 sending message 112 to peer 0x55e53b703740 (10 bytes)
1712354127.328912 sending message 112 to peer 0x55e53b703740 (10 bytes)
1712354127.328947 sending message 112 to peer 0x55e53b703740 (10 bytes)
1712354127.328983 sending message 112 to peer 0x55e53b703740 (10 bytes)
1712354127.329018 sending message 112 to peer 0x55e53b703740 (11 bytes)
1712354127.329053 sending message 112 to peer 0x55e53b703740 (12 bytes)
1712354127.329089 sending message 112 to peer 0x55e53b703740 (12 bytes)
1712354127.329124 sending message 112 to peer 0x55e53b703740 (12 bytes)
1712354127.329159 sending message 112 to peer 0x55e53b703740 (12 bytes)
1712354127.329297 sending message 112 to peer 0x55e53b703740 (12 bytes)
1712354127.329334 sending message 112 to peer 0x55e53b703740 (11 bytes)
1712354127.329369 sending message 112 to peer 0x55e53b703740 (11 bytes)
1712354127.329404 sending message 112 to peer 0x55e53b703740 (12 bytes)
1712354127.329440 sending message 112 to peer 0x55e53b703740 (12 bytes)
1712354127.329475 sending message 112 to peer 0x55e53b703740 (12 bytes)
1712354127.329510 sending message 112 to peer 0x55e53b703740 (12 bytes)
1712354127.329545 sending message 112 to peer 0x55e53b703740 (12 bytes)
1712354127.329581 sending message 112 to peer 0x55e53b703740 (9 bytes)
1712354127.329616 sending message 112 to peer 0x55e53b703740 (12 bytes)
1712354127.329651 sending message 112 to peer 0x55e53b703740 (13 bytes)
1712354127.329686 sending message 112 to peer 0x55e53b703740 (13 bytes)
1712354127.329721 sending message 112 to peer 0x55e53b703740 (13 bytes)
1712354127.329757 sending message 112 to peer 0x55e53b703740 (13 bytes)
1712354127.329792 sending message 112 to peer 0x55e53b703740 (13 bytes)
1712354127.329827 sending message 112 to peer 0x55e53b703740 (8 bytes)
1712354127.329862 sending message 112 to peer 0x55e53b703740 (11 bytes)
1712354127.329898 sending message 112 to peer 0x55e53b703740 (11 bytes)
1712354127.329933 sending message 112 to peer 0x55e53b703740 (11 bytes)
1712354127.329968 sending message 112 to peer 0x55e53b703740 (12 bytes)
1712354127.330004 sending message 112 to peer 0x55e53b703740 (12 bytes)
1712354127.330039 sending message 112 to peer 0x55e53b703740 (12 bytes)
1712354127.330074 sending message 112 to peer 0x55e53b703740 (12 bytes)
1712354127.330109 sending message 112 to peer 0x55e53b703740 (13 bytes)
1712354127.330144 sending message 112 to peer 0x55e53b703740 (13 bytes)
1712354127.330179 sending message 112 to peer 0x55e53b703740 (13 bytes)
1712354127.330215 sending message 112 to peer 0x55e53b703740 (8 bytes)
1712354127.330250 sending message 112 to peer 0x55e53b703740 (13 bytes)
1712354127.330285 sending message 112 to peer 0x55e53b703740 (13 bytes)
1712354127.330320 sending message 112 to peer 0x55e53b703740 (13 bytes)
1712354127.330355 sending message 112 to peer 0x55e53b703740 (13 bytes)
1712354127.330391 sending message 112 to peer 0x55e53b703740 (13 bytes)
1712354127.330426 sending message 112 to peer 0x55e53b703740 (12 bytes)
1712354127.330461 sending message 112 to peer 0x55e53b703740 (12 bytes)
1712354127.330496 sending message 112 to peer 0x55e53b703740 (12 bytes)
1712354127.330532 sending message 112 to peer 0x55e53b703740 (12 bytes)
1712354127.330567 sending message 112 to peer 0x55e53b703740 (13 bytes)
1712354127.330602 sending message 112 to peer 0x55e53b703740 (8 bytes)
1712354127.330637 sending message 112 to peer 0x55e53b703740 (13 bytes)
1712354127.330673 sending message 112 to peer 0x55e53b703740 (13 bytes)
1712354127.330708 sending message 112 to peer 0x55e53b703740 (13 bytes)
1712354127.330743 sending message 112 to peer 0x55e53b703740 (13 bytes)
1712354127.330778 sending message 112 to peer 0x55e53b703740 (13 bytes)
1712354127.330813 sending message 112 to peer 0x55e53b703740 (13 bytes)
1712354127.330848 sending message 112 to peer 0x55e53b703740 (13 bytes)
1712354127.330884 sending message 112 to peer 0x55e53b703740 (12 bytes)
1712354127.330919 sending message 112 to peer 0x55e53b703740 (12 bytes)
1712354127.330954 sending message 112 to peer 0x55e53b703740 (12 bytes)
1712354127.330995 sending message 112 to peer 0x55e53b703740 (8 bytes)
1712354127.331031 sending message 112 to peer 0x55e53b703740 (12 bytes)
1712354127.331066 sending message 112 to peer 0x55e53b703740 (13 bytes)
1712354127.331101 sending message 112 to peer 0x55e53b703740 (13 bytes)
1712354127.331136 sending message 112 to peer 0x55e53b703740 (13 bytes)
1712354127.331172 sending message 112 to peer 0x55e53b703740 (13 bytes)
1712354127.331207 sending message 112 to peer 0x55e53b703740 (13 bytes)
1712354127.331242 sending message 112 to peer 0x55e53b703740 (13 bytes)
1712354127.331277 sending message 112 to peer 0x55e53b703740 (13 bytes)
1712354127.331313 sending message 112 to peer 0x55e53b703740 (13 bytes)
1712354127.331348 sending message 112 to peer 0x55e53b703740 (12 bytes)
1712354127.331383 sending message 112 to peer 0x55e53b703740 (10 bytes)
1712354127.331418 sending message 112 to peer 0x55e53b703740 (12 bytes)
1712354127.331454 sending message 112 to peer 0x55e53b703740 (12 bytes)
1712354127.331489 sending message 112 to peer 0x55e53b703740 (12 bytes)
1712354127.331524 sending message 112 to peer 0x55e53b703740 (13 bytes)
1712354127.331559 sending message 112 to peer 0x55e53b703740 (13 bytes)
1712354127.331595 sending message 112 to peer 0x55e53b703740 (13 bytes)
1712354127.331630 sending message 112 to peer 0x55e53b703740 (13 bytes)
1712354127.331665 sending message 112 to peer 0x55e53b703740 (13 bytes)
1712354127.331700 sending message 112 to peer 0x55e53b703740 (13 bytes)
1712354127.331735 sending message 112 to peer 0x55e53b703740 (13 bytes)
1712354127.331771 sending message 112 to peer 0x55e53b703740 (10 bytes)
1712354127.331806 sending message 112 to peer 0x55e53b703740 (13 bytes)
1712354127.331841 sending message 112 to peer 0x55e53b703740 (12 bytes)
1712354127.331876 sending message 112 to peer 0x55e53b703740 (12 bytes)
1712354127.331911 sending message 112 to peer 0x55e53b703740 (12 bytes)
1712354127.331946 sending message 112 to peer 0x55e53b703740 (10 bytes)
1712354127.331982 sending message 112 to peer 0x55e53b703740 (10 bytes)
1712354127.332017 sending message 112 to peer 0x55e53b703740 (10 bytes)
1712354127.332052 sending message 112 to peer 0x55e53b703740 (12 bytes)
1712354127.332088 sending message 112 to peer 0x55e53b703740 (13 bytes)
1712354127.332123 sending message 112 to peer 0x55e53b703740 (13 bytes)
1712354127.332158 sending message 112 to peer 0x55e53b703740 (13 bytes)
1712354127.332193 sending message 112 to peer 0x55e53b703740 (13 bytes)
1712354127.332229 sending message 112 to peer 0x55e53b703740 (13 bytes)
1712354127.332264 sending message 112 to peer 0x55e53b703740 (10 bytes)
1712354127.332299 sending message 112 to peer 0x55e53b703740 (11 bytes)
1712354127.332335 sending message 112 to peer 0x55e53b703740 (12 bytes)
1712354127.332370 sending message 112 to peer 0x55e53b703740 (12 bytes)
1712354127.332405 sending message 112 to peer 0x55e53b703740 (12 bytes)
1712354127.332440 sending message 112 to peer 0x55e53b703740 (12 bytes)
1712354127.332475 sending message 112 to peer 0x55e53b703740 (12 bytes)
1712354127.332510 sending message 112 to peer 0x55e53b703740 (11 bytes)
1712354127.332546 sending message 112 to peer 0x55e53b703740 (12 bytes)
1712354127.332581 sending message 112 to peer 0x55e53b703740 (12 bytes)
1712354127.332616 sending message 112 to peer 0x55e53b703740 (13 bytes)
1712354127.332651 sending message 112 to peer 0x55e53b703740 (13 bytes)
1712354127.332686 sending message 112 to peer 0x55e53b703740 (13 bytes)
1712354127.332722 sending message 112 to peer 0x55e53b703740 (13 bytes)
1712354127.332757 sending message 112 to peer 0x55e53b703740 (13 bytes)
1712354127.332792 sending message 112 to peer 0x55e53b703740 (10 bytes)
1712354127.332827 sending message 112 to peer 0x55e53b703740 (9 bytes)
1712354127.332863 sending message 112 to peer 0x55e53b703740 (12 bytes)
1712354127.332898 sending message 112 to peer 0x55e53b703740 (13 bytes)
1712354127.332933 sending message 112 to peer 0x55e53b703740 (13 bytes)
1712354127.332968 sending message 112 to peer 0x55e53b703740 (13 bytes)
1712354127.333009 sending message 112 to peer 0x55e53b703740 (13 bytes)
1712354127.333045 sending message 112 to peer 0x55e53b703740 (13 bytes)
1712354127.333080 sending message 112 to peer 0x55e53b703740 (9 bytes)
1712354127.333115 sending message 112 to peer 0x55e53b703740 (12 bytes)
1712354127.333151 sending message 112 to peer 0x55e53b703740 (13 bytes)
1712354127.333186 sending message 112 to peer 0x55e53b703740 (13 bytes)
1712354127.333292 sending message 112 to peer 0x55e53b703740 (13 bytes)
1712354127.333329 sending message 112 to peer 0x55e53b703740 (13 bytes)
1712354127.333364 sending message 112 to peer 0x55e53b703740 (13 bytes)
1712354127.333399 sending message 112 to peer 0x55e53b703740 (11 bytes)
1712354127.333434 sending message 112 to peer 0x55e53b703740 (12 bytes)
1712354127.333469 sending message 112 to peer 0x55e53b703740 (13 bytes)
1712354127.333505 sending message 112 to peer 0x55e53b703740 (13 bytes)
1712354127.333540 sending message 112 to peer 0x55e53b703740 (13 bytes)
1712354127.333575 sending message 112 to peer 0x55e53b703740 (13 bytes)
1712354127.333610 sending message 112 to peer 0x55e53b703740 (13 bytes)
1712354127.333646 sending message 112 to peer 0x55e53b703740 (11 bytes)
1712354127.333681 sending message 112 to peer 0x55e53b703740 (12 bytes)
1712354127.333717 sending message 112 to peer 0x55e53b703740 (12 bytes)
1712354127.333752 sending message 112 to peer 0x55e53b703740 (12 bytes)
1712354127.333787 sending message 112 to peer 0x55e53b703740 (12 bytes)
1712354127.333822 sending message 112 to peer 0x55e53b703740 (12 bytes)
1712354127.333858 sending message 112 to peer 0x55e53b703740 (21 bytes)
1712354127.333893 sending message 112 to peer 0x55e53b703740 (12 bytes)
1712354127.333929 sending message 112 to peer 0x55e53b703740 (9 bytes)
1712354127.333964 sending message 112 to peer 0x55e53b703740 (6 bytes)
1712354127.333999 sending message 112 to peer 0x55e53b703740 (13 bytes)
1712354127.334034 sending message 112 to peer 0x55e53b703740 (10 bytes)
1712354127.334069 sending message 112 to peer 0x55e53b703740 (24 bytes)
1712354127.334123 sending message 112 to peer 0x55e53b703740 (13 bytes)
1712354127.334158 sending message 112 to peer 0x55e53b703740 (9 bytes)
1712354127.334193 sending message 112 to peer 0x55e53b703740 (70 bytes)
1712354127.334228 sending message 112 to peer 0x55e53b703740 (69 bytes)
1712354127.334263 sending message 112 to peer 0x55e53b703740 (12 bytes)
1712354127.334298 sending message 112 to peer 0x55e53b703740 (10 bytes)
1712354127.334333 sending message 112 to peer 0x55e53b703740 (10 bytes)
1712354127.334368 sending message 112 to peer 0x55e53b703740 (24 bytes)
1712354127.334403 sending message 112 to peer 0x55e53b703740 (13 bytes)
1712354127.334438 sending message 112 to peer 0x55e53b703740 (10 bytes)
1712354127.334473 sending message 112 to peer 0x55e53b703740 (10 bytes)
1712354127.334508 sending message 112 to peer 0x55e53b703740 (10 bytes)
1712354127.334543 sending message 112 to peer 0x55e53b703740 (13 bytes)
1712354127.334578 sending message 112 to peer 0x55e53b703740 (15 bytes)
1712354127.334624 sending message 112 to peer 0x55e53b703740 (5 bytes)
1712354127.334671 sending message 104 to peer 0x55e53b703740 (0 bytes)
1712354127.334734 sending message 110 to peer 0x55e53b703740 (0 bytes)
1712354127.334780 sending message 107 to peer 0x55e53b703740 (4 bytes)
1712354127.334813 sending message 105 to peer 0x55e53b703740 (16 bytes)
1712354127.334846 sending message 105 to peer 0x55e53b703740 (33 bytes)
1712354127.334879 sending message 105 to peer 0x55e53b703740 (15 bytes)
1712354127.334912 sending message 105 to peer 0x55e53b703740 (40 bytes)
1712354127.334945 sending message 105 to peer 0x55e53b703740 (54 bytes)
1712354127.334978 sending message 105 to peer 0x55e53b703740 (21 bytes)
1712354127.335011 sending message 105 to peer 0x55e53b703740 (40 bytes)
1712354127.335044 sending message 105 to peer 0x55e53b703740 (25 bytes)
1712354127.335076 sending message 105 to peer 0x55e53b703740 (45 bytes)
1712354127.335109 sending message 105 to peer 0x55e53b703740 (47 bytes)
1712354127.335147 sending message 105 to peer 0x55e53b703740 (19 bytes)
1712354127.335180 sending message 105 to peer 0x55e53b703740 (13 bytes)
1712354127.335213 sending message 105 to peer 0x55e53b703740 (48 bytes)
1712354127.335246 sending message 105 to peer 0x55e53b703740 (16 bytes)
1712354127.335341 sending message 105 to peer 0x55e53b703740 (21 bytes)
1712354127.335390 sending message 105 to peer 0x55e53b703740 (64 bytes)
1712354127.335425 sending message 105 to peer 0x55e53b703740 (41 bytes)
1712354127.335471 sending message 105 to peer 0x55e53b703740 (69 bytes)
1712354127.335504 sending message 105 to peer 0x55e53b703740 (97 bytes)
1712354127.335537 sending message 105 to peer 0x55e53b703740 (15 bytes)
1712354127.335570 sending message 105 to peer 0x55e53b703740 (19 bytes)
1712354127.335603 sending message 105 to peer 0x55e53b703740 (17 bytes)
1712354127.335636 sending message 105 to peer 0x55e53b703740 (18 bytes)
1712354127.335669 sending message 105 to peer 0x55e53b703740 (31 bytes)
1712354127.335702 sending message 105 to peer 0x55e53b703740 (32 bytes)
1712354127.335735 sending message 105 to peer 0x55e53b703740 (38 bytes)
1712354127.335768 sending message 105 to peer 0x55e53b703740 (67 bytes)
1712354127.335801 sending message 105 to peer 0x55e53b703740 (27 bytes)
1712354127.335834 sending message 105 to peer 0x55e53b703740 (53 bytes)
1712354127.335883 sending message 105 to peer 0x55e53b703740 (21 bytes)
1712354127.335916 sending message 105 to peer 0x55e53b703740 (32 bytes)
1712354127.335949 sending message 105 to peer 0x55e53b703740 (23 bytes)
1712354127.335982 sending message 105 to peer 0x55e53b703740 (39 bytes)
1712354127.336015 sending message 105 to peer 0x55e53b703740 (47 bytes)
1712354127.336048 sending message 105 to peer 0x55e53b703740 (32 bytes)
1712354127.336081 sending message 105 to peer 0x55e53b703740 (20 bytes)
1712354127.336114 sending message 105 to peer 0x55e53b703740 (69 bytes)
1712354127.336147 sending message 105 to peer 0x55e53b703740 (21 bytes)
1712354127.336180 sending message 105 to peer 0x55e53b703740 (25 bytes)
1712354127.336213 sending message 105 to peer 0x55e53b703740 (35 bytes)
1712354127.336246 sending message 105 to peer 0x55e53b703740 (48 bytes)
1712354127.336279 sending message 105 to peer 0x55e53b703740 (13 bytes)
1712354127.336312 sending message 105 to peer 0x55e53b703740 (77 bytes)
1712354127.336362 sending message 105 to peer 0x55e53b703740 (30 bytes)
1712354127.336602 sending message 105 to peer 0x55e53b703740 (13 bytes)
1712354127.336647 sending message 105 to peer 0x55e53b703740 (44 bytes)
1712354127.336682 sending message 105 to peer 0x55e53b703740 (21 bytes)
1712354127.336718 sending message 105 to peer 0x55e53b703740 (8 bytes)
1712354127.336754 sending message 105 to peer 0x55e53b703740 (26 bytes)
1712354127.336789 sending message 105 to peer 0x55e53b703740 (25 bytes)
1712354127.336824 sending message 105 to peer 0x55e53b703740 (56 bytes)
1712354127.336859 sending message 105 to peer 0x55e53b703740 (68 bytes)
1712354127.336894 sending message 105 to peer 0x55e53b703740 (18 bytes)
1712354127.336930 sending message 105 to peer 0x55e53b703740 (51 bytes)
1712354127.336965 sending message 105 to peer 0x55e53b703740 (31 bytes)
1712354127.337000 sending message 105 to peer 0x55e53b703740 (14 bytes)
1712354127.337035 sending message 105 to peer 0x55e53b703740 (34 bytes)
1712354127.337070 sending message 105 to peer 0x55e53b703740 (46 bytes)
1712354127.337298 sending message 105 to peer 0x55e53b703740 (65 bytes)
1712354127.337338 sending message 105 to peer 0x55e53b703740 (58 bytes)
1712354127.337374 sending message 105 to peer 0x55e53b703740 (1304 bytes)
1712354127.337434 sending message 105 to peer 0x55e53b703740 (30 bytes)
1712354127.337471 sending message 105 to peer 0x55e53b703740 (19 bytes)
1712354127.337538 sending message 105 to peer 0x55e53b703740 (54 bytes)
1712354127.337594 sending message 105 to peer 0x55e53b703740 (172 bytes)
1712354127.337646 sending message 105 to peer 0x55e53b703740 (19 bytes)
1712354127.337688 sending message 105 to peer 0x55e53b703740 (21 bytes)
1712354127.337734 sending message 105 to peer 0x55e53b703740 (43 bytes)
1712354127.337769 sending message 105 to peer 0x55e53b703740 (24 bytes)
1712354127.337817 sending message 105 to peer 0x55e53b703740 (22 bytes)
1712354127.337864 sending message 106 to peer 0x55e53b703740 (0 bytes)
1712354127.338024 sending message 200 to peer 0x55e53b703740 (4 bytes)
1712354127.338057 client loop enter
1712354127.338158 client_signal: Child exited
1712354127.928411 peer 0x55e53b703740 message 207
1712354127.928450 sending message 208 to peer 0x55e53b703740 (0 bytes)
1712354131.412195 peer 0x55e53b703740 message 203
1712354131.412274 sending message 205 to peer 0x55e53b703740 (0 bytes)
1712354131.413945 peer 0x55e53b703740 message 204
1712354131.414012 client loop exit
